-------------------------------------------------------------------------------
Test set: fr.univavignon.pokedex.api.IPokedexTest
-------------------------------------------------------------------------------
Tests run: 4, Failures: 0, Errors: 4, Skipped: 0, Time elapsed: 0.454 s <<< FAILURE! - in fr.univavignon.pokedex.api.IPokedexTest
fr.univavignon.pokedex.api.IPokedexTest.testSize  Time elapsed: 0.181 s  <<< ERROR!
org.mockito.exceptions.base.MockitoException: 

Mockito cannot mock this class: class fr.univavignon.pokedex.api.Pokemon.
Can not mock final classes with the following settings :
 - explicit serialization (e.g. withSettings().serializable())
 - extra interfaces (e.g. withSettings().extraInterfaces(...))

You are seeing this disclaimer because Mockito is configured to create inlined mocks.
You can learn about inline mocks and their limitations under item #39 of the Mockito class javadoc.

Underlying exception : org.mockito.exceptions.base.MockitoException: Could not modify all classes [class fr.univavignon.pokedex.api.PokemonMetadata, class java.lang.Object, class fr.univavignon.pokedex.api.Pokemon]
	at fr.univavignon.pokedex.api.IPokedexTest.setUp(IPokedexTest.java:21)
Caused by: org.mockito.exceptions.base.MockitoException: Could not modify all classes [class fr.univavignon.pokedex.api.PokemonMetadata, class java.lang.Object, class fr.univavignon.pokedex.api.Pokemon]
	at fr.univavignon.pokedex.api.IPokedexTest.setUp(IPokedexTest.java:21)
Caused by: java.lang.IllegalStateException: 

Byte Buddy could not instrument all classes within the mock's type hierarchy

This problem should never occur for javac-compiled classes. This problem has been observed for classes that are:
 - Compiled by older versions of scalac
 - Classes that are part of the Android distribution
	at fr.univavignon.pokedex.api.IPokedexTest.setUp(IPokedexTest.java:21)
Caused by: java.lang.IllegalArgumentException: Unsupported class file major version 63
	at fr.univavignon.pokedex.api.IPokedexTest.setUp(IPokedexTest.java:21)

fr.univavignon.pokedex.api.IPokedexTest.testGetPokemon  Time elapsed: 0.1 s  <<< ERROR!
org.mockito.exceptions.base.MockitoException: 

Mockito cannot mock this class: class fr.univavignon.pokedex.api.Pokemon.
Can not mock final classes with the following settings :
 - explicit serialization (e.g. withSettings().serializable())
 - extra interfaces (e.g. withSettings().extraInterfaces(...))

You are seeing this disclaimer because Mockito is configured to create inlined mocks.
You can learn about inline mocks and their limitations under item #39 of the Mockito class javadoc.

Underlying exception : org.mockito.exceptions.base.MockitoException: Could not modify all classes [class fr.univavignon.pokedex.api.PokemonMetadata, class java.lang.Object, class fr.univavignon.pokedex.api.Pokemon]
	at fr.univavignon.pokedex.api.IPokedexTest.setUp(IPokedexTest.java:21)
Caused by: org.mockito.exceptions.base.MockitoException: Could not modify all classes [class fr.univavignon.pokedex.api.PokemonMetadata, class java.lang.Object, class fr.univavignon.pokedex.api.Pokemon]
	at fr.univavignon.pokedex.api.IPokedexTest.setUp(IPokedexTest.java:21)
Caused by: java.lang.IllegalStateException: 

Byte Buddy could not instrument all classes within the mock's type hierarchy

This problem should never occur for javac-compiled classes. This problem has been observed for classes that are:
 - Compiled by older versions of scalac
 - Classes that are part of the Android distribution
	at fr.univavignon.pokedex.api.IPokedexTest.setUp(IPokedexTest.java:21)
Caused by: java.lang.IllegalArgumentException: Unsupported class file major version 63
	at fr.univavignon.pokedex.api.IPokedexTest.setUp(IPokedexTest.java:21)

fr.univavignon.pokedex.api.IPokedexTest.testAddPokemon  Time elapsed: 0.062 s  <<< ERROR!
org.mockito.exceptions.base.MockitoException: 

Mockito cannot mock this class: class fr.univavignon.pokedex.api.Pokemon.
Can not mock final classes with the following settings :
 - explicit serialization (e.g. withSettings().serializable())
 - extra interfaces (e.g. withSettings().extraInterfaces(...))

You are seeing this disclaimer because Mockito is configured to create inlined mocks.
You can learn about inline mocks and their limitations under item #39 of the Mockito class javadoc.

Underlying exception : org.mockito.exceptions.base.MockitoException: Could not modify all classes [class fr.univavignon.pokedex.api.PokemonMetadata, class java.lang.Object, class fr.univavignon.pokedex.api.Pokemon]
	at fr.univavignon.pokedex.api.IPokedexTest.setUp(IPokedexTest.java:21)
Caused by: org.mockito.exceptions.base.MockitoException: Could not modify all classes [class fr.univavignon.pokedex.api.PokemonMetadata, class java.lang.Object, class fr.univavignon.pokedex.api.Pokemon]
	at fr.univavignon.pokedex.api.IPokedexTest.setUp(IPokedexTest.java:21)
Caused by: java.lang.IllegalStateException: 

Byte Buddy could not instrument all classes within the mock's type hierarchy

This problem should never occur for javac-compiled classes. This problem has been observed for classes that are:
 - Compiled by older versions of scalac
 - Classes that are part of the Android distribution
	at fr.univavignon.pokedex.api.IPokedexTest.setUp(IPokedexTest.java:21)
Caused by: java.lang.IllegalArgumentException: Unsupported class file major version 63
	at fr.univavignon.pokedex.api.IPokedexTest.setUp(IPokedexTest.java:21)

fr.univavignon.pokedex.api.IPokedexTest.testGetPokemons  Time elapsed: 0.058 s  <<< ERROR!
org.mockito.exceptions.base.MockitoException: 

Mockito cannot mock this class: class fr.univavignon.pokedex.api.Pokemon.
Can not mock final classes with the following settings :
 - explicit serialization (e.g. withSettings().serializable())
 - extra interfaces (e.g. withSettings().extraInterfaces(...))

You are seeing this disclaimer because Mockito is configured to create inlined mocks.
You can learn about inline mocks and their limitations under item #39 of the Mockito class javadoc.

Underlying exception : org.mockito.exceptions.base.MockitoException: Could not modify all classes [class fr.univavignon.pokedex.api.PokemonMetadata, class java.lang.Object, class fr.univavignon.pokedex.api.Pokemon]
	at fr.univavignon.pokedex.api.IPokedexTest.setUp(IPokedexTest.java:21)
Caused by: org.mockito.exceptions.base.MockitoException: Could not modify all classes [class fr.univavignon.pokedex.api.PokemonMetadata, class java.lang.Object, class fr.univavignon.pokedex.api.Pokemon]
	at fr.univavignon.pokedex.api.IPokedexTest.setUp(IPokedexTest.java:21)
Caused by: java.lang.IllegalStateException: 

Byte Buddy could not instrument all classes within the mock's type hierarchy

This problem should never occur for javac-compiled classes. This problem has been observed for classes that are:
 - Compiled by older versions of scalac
 - Classes that are part of the Android distribution
	at fr.univavignon.pokedex.api.IPokedexTest.setUp(IPokedexTest.java:21)
Caused by: java.lang.IllegalArgumentException: Unsupported class file major version 63
	at fr.univavignon.pokedex.api.IPokedexTest.setUp(IPokedexTest.java:21)

